<?xml version="1.0" encoding="UTF-8"?>
<!-- Generated by org.testng.reporters.JUnitReportReporter -->
<testsuite hostname="Gloify-QA" failures="0" tests="1" name="com.facebookmessenger.messenger.TestMessengerLoop" time="25.138" errors="0" timestamp="2023-04-20T16:15:34 IST" skipped="0">
  <testcase classname="com.facebookmessenger.messenger.TestMessengerLoop" name="testMsg" time="25.138"/>
  <system-out/>
</testsuite> <!-- com.facebookmessenger.messenger.TestMessengerLoop -->
